Determining if the pthread_create exist failed with the following output:
Change Dir: /home/s/my_icp/build/CMakeFiles/CMakeTmp

Run Build Command:"/usr/bin/make" "cmTC_42285/fast"
/usr/bin/make -f CMakeFiles/cmTC_42285.dir/build.make CMakeFiles/cmTC_42285.dir/build
make[1]: Entering directory '/home/s/my_icp/build/CMakeFiles/CMakeTmp'
Building C object CMakeFiles/cmTC_42285.dir/CheckSymbolExists.c.o
/usr/bin/gcc-5     -o CMakeFiles/cmTC_42285.dir/CheckSymbolExists.c.o   -c /home/s/my_icp/build/CMakeFiles/CMakeTmp/CheckSymbolExists.c
Linking C executable cmTC_42285
/usr/bin/cmake -E cmake_link_script CMakeFiles/cmTC_42285.dir/link.txt --verbose=1
/usr/bin/gcc-5       CMakeFiles/cmTC_42285.dir/CheckSymbolExists.c.o  -o cmTC_42285 -rdynamic 
CMakeFiles/cmTC_42285.dir/CheckSymbolExists.c.o：在函数‘main’中：
CheckSymbolExists.c:(.text+0x16)：对‘pthread_create’未定义的引用
collect2: error: ld returned 1 exit status
CMakeFiles/cmTC_42285.dir/build.make:97: recipe for target 'cmTC_42285' failed
make[1]: *** [cmTC_42285] Error 1
make[1]: Leaving directory '/home/s/my_icp/build/CMakeFiles/CMakeTmp'
Makefile:126: recipe for target 'cmTC_42285/fast' failed
make: *** [cmTC_42285/fast] Error 2

File /home/s/my_icp/build/CMakeFiles/CMakeTmp/CheckSymbolExists.c:
/* */
#include <pthread.h>

int main(int argc, char** argv)
{
  (void)argv;
#ifndef pthread_create
  return ((int*)(&pthread_create))[argc];
#else
  (void)argc;
  return 0;
#endif
}

Determining if the function pthread_create exists in the pthreads failed with the following output:
Change Dir: /home/s/my_icp/build/CMakeFiles/CMakeTmp

Run Build Command:"/usr/bin/make" "cmTC_e240f/fast"
/usr/bin/make -f CMakeFiles/cmTC_e240f.dir/build.make CMakeFiles/cmTC_e240f.dir/build
make[1]: Entering directory '/home/s/my_icp/build/CMakeFiles/CMakeTmp'
Building C object CMakeFiles/cmTC_e240f.dir/CheckFunctionExists.c.o
/usr/bin/gcc-5    -DCHECK_FUNCTION_EXISTS=pthread_create   -o CMakeFiles/cmTC_e240f.dir/CheckFunctionExists.c.o   -c /usr/share/cmake-3.5/Modules/CheckFunctionExists.c
Linking C executable cmTC_e240f
/usr/bin/cmake -E cmake_link_script CMakeFiles/cmTC_e240f.dir/link.txt --verbose=1
/usr/bin/gcc-5   -DCHECK_FUNCTION_EXISTS=pthread_create    CMakeFiles/cmTC_e240f.dir/CheckFunctionExists.c.o  -o cmTC_e240f -rdynamic -lpthreads 
/usr/bin/ld: 找不到 -lpthreads
collect2: error: ld returned 1 exit status
CMakeFiles/cmTC_e240f.dir/build.make:97: recipe for target 'cmTC_e240f' failed
make[1]: *** [cmTC_e240f] Error 1
make[1]: Leaving directory '/home/s/my_icp/build/CMakeFiles/CMakeTmp'
Makefile:126: recipe for target 'cmTC_e240f/fast' failed
make: *** [cmTC_e240f/fast] Error 2


